[   0.000] Intiizing ro subs uset[   .00000]niialingcgro susys cu[    00000] itilizincgrou subsy cuact
  0.0000 Lin vrson.40-13-gerc (bld@lgw0am6439(gccerion .4.02060609 (Ubnt 5.40-bunt1~.0.9 )156-buu MP Tu n 148:3:2UT 201(Uuntu4..030.16-neri4.134)
[  .000 Commandine:BO_IAGE=oo/vmin-4.4.0-10-enec root=LABEL=cloudimg-rootfs ro console=tty1 console=ttyS0
[    0.000000] KERNEL uprtedcps:
[   0.0000]   te GeuiInel
[   00000] AM AutntcAD[    .0000] Ctaur enurHals
[   .000] 86/f: stteffset[2] 56, xstteizes[]:256
[   00000] x86fpu: Supporti XSAE feature 0x01: 'x87 floating point egisters'
[    0.000000] x86/fpu: Supporting XSAVE feature 0x02: 'SSE registers'
[    0.000000] x86/fpu: Supporting XSAVE feature 0x04: 'AVX reisters'
[    0.000000] x86/fpu: Enabled xstate features 0x7, context size is 832 bytes, using 'standard' format.
[    0.000000] x86/fpu: Using 'eager' FPU context switches.
[    0.000000] e820: BIOS-provided physical RAM map:
[    0.000000] BIOS-e820: [mem x000000000000000-0x000000000009fbff] usable
[    0.000000] BIOS-e820: [mem 0x000000000009fc00-0x000000000009ffff] reserved
[    0.000000] BIOS-e820: [mem 0x00000000000f0000-0x00000000000fffff] reserved
[    0.000000] BIOS-e820: [mem 0x0000000000100000-0x000000003ffeffff] usable
[    0.000000] BIOS-e820: [mem 0x000000003fff0000-0x000000003fffffff] ACPI data
[    0.000000] BIOS-e820: [mem 0x00000000fec00000-0x00000000fec00fff] reserved
[    0.000000] BIOS-e820: [mem 0x00000000fee00000-0x00000000fee00fff] reserved
[    0.000000] BIOS-e820: [mem 0x00000000fffc0000-0x00000000ffffffff] reserved
[    0.000000] NX (Execute Disable) protection: active
[    0.000000] SMBIOS 2.5 present.
[    0.000000] Hypervisor detected: KVM
[    0.000000]e820: ast_pfn = 0x3fff0 max_arch_pfn = 0x400000000
[    0.000000] MTRR: Disabled
[    0.000000] x86/PAT: MTRRs disabled, skipping PAT initialization too.
[    0.000000] CPU MTRRs all blank - virtualized system.
[    0.000000] x86/PAT: Configuration [0-7]: WB  WT  UC- UC  WB  WT  UC- UC  
[    0.000000] found SMP MP-table at [mem 0x0009fff0-0x0009ffff] mapped at [ffff88000009fff0]
[    0.000000] Scanni 1 areas for low memory corruption
[    0.000000] RAMDISK: [mem 0x36aa2000-0x37548fff]
[    0.000000] ACPI: Early table checksum verification disabled
[    0.000000] ACPI: RSDP 0x00000000000E0000 000024 (v02 VBOX  )
[    0.000000] ACPI: XSDT 0x000000003FFF0030 00003C (v01 VBOX   VBOXXSDT 00000001 ASL  00000061)
[    0.000000] ACPI: FACP 0x000000003FFF00F0 0000F4 (v04 VBOX   VBOXFACP 00000001 ASL  00000061)
[    0.000000] ACPI: DSDT 0x000000003FFF0470 0021FF (v02 VBOX   VBOXBIOS 00000002 INTL 20100528)
[    0.000000] ACPI: FACS 0x000000003FFF0200 00004
[    0.000000] ACPI: FACS 0x000000003FFF0200 000040
[    0.000000] ACPI: APIC 0x000000003FFF0240 00005C (v02 VBOX   VBOXAPIC 00000001 ASL  00000061)
[   0.000000] ACPI: SSDT 0x0000003FFF02A0 0001CC (v01 VBOX   VBOXCPUT 00000002 INTL 20100528)
[    0.000000] No NUMA configuration found
[    0.000000] Faking a node at [mem 0x0000000000000000-0x000000003ffeffff]
[    0.000000] NODE_DATA(0) allocated [mem 0x3ffeb000-0x3ffeffff]
[    0.000000] kvm-clock: Using msrs 4b564d01 and 4b564d00
[    0.000000] kvm-clock: cpu 0, msr 0:3ffe3001, priar cu clock
[    0.000000] kvm-clock: using sched offset of 3732539749 cycles
[    0.000000] clocksource: kvm-clock: mask: 0xffffffffffffffff max_cycles: 0x1cd42e4dffb, max_idle_ns: 881590591483 ns
[    0.000000] Zone ranges:
[    0.000000]   DMA      [mem 0x0000000000001000-0x0000000000ffffff]
[    0.000000]   DMA32    [mem 0x0000000001000000-0x000000003ffeffff]
[    0.000000]   Normal   empty
[    0.000000]   Device   empty
[    0.000000] Movable zone start for each node
[    0.000000] Early memory node ranges
[    0.000000]   node   0: [mem 0x0000000000001000-0x000000000009efff]
[    0.000000]   node   0: mem 0x0000000000100000-0x000000003ffeffff]
[    0.000000] Initmem setup node 0 [mem 0x0000000000001000-0x000000003ffeffff]
[    0.000000] ACPI: PM-Timer IO Port: 0x4008
[    0.000000] IOAPIC[0]: apic_id , vesin 32,address 0xfec000, GSI 0-23
[    0.000000] ACPI: INT_SRCOVR bu0 us_irq 0 global_irq 2 dfl dfl)
[    0.000000] ACPI: INT_SRC_OVR (bus 0 bus_irq 9 global_irq 9 low level)
[    0.000000] Using ACPI (MADT) for SMP configuration information
[    0.000000] smpboot: Allowng CPUs, 0 hotplug CPUs
[   0.00000] PM: Registered nosave memory: [mem 0x00000000-0x00000fff]
[    0.000000] PM: Registered nosave memory: [mem 0x0009f000-0x0009ffff]
[    0.000000] PM: Registered nosave memory: [mem 0x000a0000-0x000effff]
[    0.000000] PM: Registered nosave memory: [mem 0x000f0000-0x000fffff]
[    0.000000] e820: [mem 0x40000000-0xfebfffff] available for PCI devices
[    0.000000] Boting paravirtualized kernel on KVM
[    0.000000] clocksource refined-jiffies: mask: 0xffffffff max_cycles: 0xffffffff, max_idle_ns: 7645519600211568 ns
[    0.000000] setup_percpu: NR_CPUS:512 nr_cpumask_bits:512 nr_cpu_ids:2 nr_node_ids:1
[    0.000000] PERCPU: Embedded 34 pages/cpu @ffff88003fc00000 s99544 r8192 d31528 u1048576
[    0.000000] PV qspinlock hash table entries: 256 (order: 0, 4096 bytes)
[    0.000000] Built 1 zonelists in Node order, mobility grouping on.  Total pages: 257912
[    0.000000] Policy zone: DA32
[    0.000000] Kernel command lie: BOTMAGE=/boo/vliuz-4.4.130-gneic root=LABL=lodimg-rootfs ro console=tty1 console=ttyS0
[    0.000000] PID hash table entries: 4096 (order: 3, 32768 bytes)
[    0.000000] Memory: 1001608K/1048120K available (8546K kernel code, 1313K rwdata, 4000K rodata, 1516K init, 1316K bss, 46512K reserved, 0K cma-reserved)
[    0.000000] SLUB: HWalign=64, Order=0-3, MinObjects=0, CPUs=2, Nodes=1
[    0.000000] Kernel/User page tables isolation: enabled
[    0.000000] Hierarchical RCU implementation.
[    0.000000] 	Build-time adjustment of leaf fanout to 64.
[    0.000000] 	RCU restricting CPUs fomNRCPUS=512 to n_cpu_ds=2.
[    0.000000] RCU: Adjusting geometry for rcu_fanout_leaf=64, nr_cpu_ids=2
[    0.000000] NR_IRQS:33024 nr_irqs:440 16
[    0.000000] Console: colour VGA+ 80x25
[    0.000000] console [tty1] enabled
[    0.000000] console [ttyS0] enabled
[    0.000000] tsc: Detected 2592.002 MHz processor
[    4.809886] Calibrating delay loop (skipped) preset value.. 514.00 BogoMIPS (lpj=10368008)
[    4.842710] pid_max: default: 32768 minimum: 301
[    4.843689] ACPI: Core revision 20150930
[    4.845421] ACPI: 2 ACPI AML tables successfully acquired and loaded
[    4.862313] Security Framework initialized
[    4.866196] Yama: becoming mindful.
[    4.867025] AppArmor: AppArmor initialized
[    4.868018] Dentry cache hash table entries: 131072 (order: 8, 1048576 bytes)
[    4.891839] Inode-cache hash table entries: 65536 (order: 7, 524288 bytes)
[    4.898973] Mount-cache hash table entries: 2048 (order: 2, 16384 bytes)
[    4.900207] Mountpoint-cache hash table entries: 2048 (order: 2, 16384 bytes)
[    4.901658] Initializing cgroup subsys io
[    4.902494] Initializing cgroup subsys memory
[    4.903398] Initializing cgroup subsys devices
[    4.904293] Initializing cgroup subsys freezer
[    4.907146] Initializing cgroup subsys net_cls
[    4.936307] Initializing cgroup subsys perf_event
[    4.940319] Initializing cgroup subsys net_prio
[    4.958579] Initializing cgroup subsys hugetlb
[    4.959496] Initializing cgroup subsys pids
[    4.962732] CPU: Physical Processor ID: 0
[    4.963747] CPU: Processor Core ID: 0
[    4.966030] mce: CPU supports 0 MCE banks
[    4.967245] Last level iTLB entries: 4KB 64, 2MB 8, 4MB 8
[    4.974380] Last level dTLB entries: 4KB 64, 2MB 0, 4MB 0, 1GB 4
[    4.986777] Spectre V2 : Mitigation: Full generic retpoline
[    4.990273] Spectre V2 : Speculatiin control IBPB not-supported IBRS not-supported
[    4.995494] Spectre V2 : Filling RSB on context switch
[    5.002256] Speculative Store Bypass: Vulnerable
[    5.006643] Freeing SMP alternatives memory: 32K
[    5.025689] ftrace: allocating 32245 entries in 126 pages
[    5.108324] smpboot: APIC(0) Converting physical 0 to logical package 0
[    5.122616] smpboot: Max logical packages: 1
[    5.155005] x2apic enabled
[    5.174455] Switched APIC routing to physical x2apic.
[    5.176515] ..TIMER: vector=0x30 apic1=0 pin1=2 apic2=-1 pin2=-1
[    5.290064] smpboot: CPU0: Intel(R) Core(TM) i7-6500U CPU @ 2.50GHz (family: 0x6, model: 0x4e, stepping: 0x3)
[    5.322606] Performance Events: unsupported p6 CPU model 78 no PMU driver, software events only.
[    5.324432] KVM setup paravirtual spinlock
[    5.325906] x86: Booting SMP configuration:
[    5.326777] .... node  #0, CPUs:      #1
[    5.327718] kvm-clock: cpu 1, msr 0:3ffe3041, secondary cpu clock
[    5.340029] mce: CPU supports 0 MCE banks
[    5.355549] x86: Booted up 1 node, 2 CPUs
[    5.391116] smpboot: Total of 2 processors activated (10368.00 BogoMIPS)
[    5.455241] devtmpfs: initialized
[    5.493546] evm: security.selinux
[    5.519882] evm: security.SMACK64
[    5.543182] evm: security.SMACK64EXEC
[    5.574458] evm: security.SMACK64TRANSMUTE
[    5.575348] evm: security.SMACK64MMAP
[    5.584681] evm: security.ima
[    5.595413] evm: security.capability
[    5.596709] clocksource: jiffies: mask: 0xffffffff max_cycles: 0xffffffff, max_idle_ns: 7645041785100000 ns
[    5.621638] futex hash table entries: 512 (order: 3, 32768 bytes)
[    5.624366] pinctrl core: initialized pinctrl subsystem
[    5.625795] RTC time:  2:23:25, date: 07/19/18
[    5.633967] NET: Registered protocol family 16
[    5.651179] cpuidle: using governor ladder
[    5.671684] cpuidle: using governor menu
[    5.674606] PCCT header not found.
[    5.683139] ACPI: bus type PCI registered
[    5.704286] acpiphp: ACPI Hot Plug PCI Controller Driver version: 0.5
[    5.714137] PCI: Using configuration type 1 for base access
[    5.731826] ACPI: Added _OSI(Module Device)
[    5.743663] ACPI: Added _OSI(Processor Device)
[    5.744571] ACPI: Added _OSI(3.0 _SCP Extensions)
[    5.749592] ACPI: Added _OSI(Processor Aggregator Device)
[    5.751353] ACPI: Executed 1 blocks of module-level executable AML code
[    5.757374] ACPI: Interpreter enabled
[    5.759500] ACPI: (supports S0 S5)
[    5.763127] ACPI: Using IOAPIC for interrupt routing
[    5.764991] PCI: Using host bridge windows from ACPI; if necessary, use "pci=nocrs" and report a bug
[    5.773539] ACPI: PCI Root Bridge [PCI0] (domain 0000 [bus 00-ff])
[    5.784966] acpi PNP0A03:00: _OSC: OS supports [ASPM ClockPM Segments MSI]
[    5.800063] acpi PNP0A03:00: _OSC: not requesting OS control; OS requires [ExtendedConfig ASPM ClockPM MSI]
[    5.803788] acpi PNP0A03:00: fail to add MMCONFIG information, can't access extended PCI configuration space under this bridge.
[    5.819674] PCI host bridge to bus 0000:00
[    5.832624] pci_bus 0000:00: root bus resource [io  0x0000-0x0cf7 window]
[    5.834066] pci_bus 0000:00: root bus resource [io  0x0d00-0xffff window]
[    5.837037] pci_bus 0000:00: root bus resource [mem 0x000a0000-0x000bffff window]
[    5.844432] pci_bus 0000:00: root bus resource [mem 0x40000000-0xfdffffff window]
[    5.850759] pci_bus 0000:00: root bus resource [bus 00-ff]
[    5.856707] pci 0000:00:01.1: legacy IDE quirk: reg 0x10: [io  0x01f0-0x01f7]
[    5.870749] pci 0000:00:01.1: legacy IDE quirk: reg 0x14: [io  0x03f6]
[    5.897149] pci 0000:00:01.1: legacy IDE quirk: reg 0x18: [io  0x0170-0x0177]
[    5.898696] pci 0000:00:01.1: legacy IDE quirk: reg 0x1c: [io  0x0376]
[    5.934316] pci 0000:00:07.0: quirk: [io  0x4000-0x403f] claimed by PIIX4 ACPI
[    5.964256] pci 0000:00:07.0: quirk: [io  0x4100-0x410f] claimed by PIIX4 SMB
[    5.971701] ACPI: PCI Interrupt Link [LNKA] (IRQs 5 9 10 *11)
[    5.978712] ACPI: PCI Interrupt Link [LNKB] (IRQs 5 9 *10 11)
[    5.985641] ACPI: PCI Interrupt Link [LNKC] (IRQs 5 *9 10 11)
[    6.006852] ACPI: PCI Interrupt Link [LNKD] (IRQs 5 9 10 *11)
[    6.019806] ACPI: Enabled 2 GPEs in block 00 to 07
[    6.040564] vgaarb: setting as boot device: PCI:0000:00:02.0
[    6.049984] vgaarb: device added: PCI:0000:00:02.0,decodes=io+mem,owns=io+mem,locks=none
[    6.051995] vgaarb: loaded
[    6.072018] vgaarb: bridge control possible 0000:00:02.0
[    6.075166] SCSI subsystem initialized
[    6.078550] ACPI: bus type USB registered
[    6.101688] usbcore: registered new interface driver usbfs
[    6.105682] usbcore: registered new interface driver hub
[    6.108184] usbcore: registered new device driver usb
[    6.132211] PCI: Using ACPI for IRQ routing
[    6.140418] NetLabel: Initializing
[    6.154489] NetLabel:  domain hash size = 128
[    6.155389] NetLabel:  protocols = UNLABELED CIPSOv4
[    6.164942] NetLabel:  unlabeled traffic allowed by default
[    6.166156] amd_nb: Cannot enumerate AMD northbridges
[    6.169122] clocksource: Switched to clocksource kvm-clock
[   6.202492] AppArmor: AppArmor Filesystem Enabled
[    6.226898] pnp: PnP ACPI init
[    6.228352] pnp: PnP ACPI: found 3 devices

[    6.238202] clocksource: acpi_pm: mask: 0xffffff max_cycles: 0xffffff, max_idle_ns: 2085701024 ns
[    6.260935] NET: Registered protocol family 2
[    62651TC established hash table entries: 8192 (order: 4, 556 yts)
[    6.517129] TCP bind hash table entries: 8192 (order: 5, 131072 bytes)
[    6.518869] TCP: Hash tables configured (established 8192 bind 8192)
[    6.520602] UDP hash table entries: 512 (order: 2, 16384 bytes)
[    6.522280] UDP-Lite hash table entries: 512 (order: 2, 16384 bytes)
[    6.524037] NET: Registered protocol family 1
[    6.525277] ci 0000:00:00.0: Limiting direct PCI/PCI transfers
[    6.552163] pci 0000:00:01.0: Activating ISA DMA hang workarounds
[    6.553515] Unpacking initramfs...

[  907524]Freingintrd memory: 10908K

[    9.316230] platformrt_cos registered platform RTC device (no PNP deviceoud)
[    9.501567] Scanning for low memory corruption every 60 seconds

[    9.503612] audit: initializing netlink subsys (disabled)
[    9.505062] audit: type=2000 audit(1531967009.033:1): initialized
[    9.506919] Initialise system trusted keyring
[    9.508292] HugeTLB registered 2 MB page size, pre-allocated 0 pages
[    9.514921] zbud: loaded
[    9.525062] VFS: Disk quotas dquot_6.6.0
[    9.527632] VFS: Dquot-cache hash table entries: 512 (order 0, 4096 bytes)
[    9.531131] squashfs: version 4.0 (2009/01/31) Phillip Lougher
[    9.532518] fuse init (API version 7.23)
[    9.536339] Key type big_key registered
[    9.538329] Allocating IMA MOK and blacklist keyrings.
[    9.542362] Key type asymmetric registered
[    9.546648] Asymmetric key parser 'x509' registered
[    9.548111] Block layer SCSI generic (bsg) driver version 0.4 loaded (major 249)
[    9.550385] io scheduler noop registered
[    9.554302] io scheduler deadline registered (default)
[    9.557993] io scheduler cfq registered
[    9.570259] pci_hotplug: PCI Hot Plug PCI Core version: 0.5
[    9.581908] pciehp: PCI Express Hot Plug Controller Driver version: 0.4
[    9.598833] ACPI: AC Adapter [AC] (on-line)
[    9.601811] input: Power Button as /devices/LNXSYSTM:00/LNXPWRBN:00/input/input0
[    9.607933] ACPI: Power Button [PWRF]
[    9.612638] input: Sleep Button as /devices/LNXSYSTM:00/LNXSLPBN:00/input/input1
[    9.620731] ACPI: Sleep Button [SLPF]
[    9.623860] ACPI: Battery Slot [BAT0] (battery present)
[    9.629197] GHES: HEST is not enabled!
[    9.629750] Serial: 8250/16550 driver, 32 ports, IRQ sharing enabled
[    9.652972] 00:02: ttyS0 at I/O 0x3f8 (irq = 4, base_baud = 115200) is a 16550A
[    9.656762] Linux agpgart interface v0.103
[    9.6955]lo: odule loaded
[   .8297]sci st: tapix
[  .17651]cshot1: ata_piix

[   10.421241] tsc: Refined TSC clocksource calibration: 2591.999 MHz
[   10.422897] clocksource: tsc: mask: 0xffffffffffffffff max_cycles: 0x255cb5c6a11, max_idle_ns: 440795249002 ns
[   10.427441]ata1: PATA max UDMA/33 cmd 0x1f0 ctl 0x3f6 bmdma 0xd000 irq 14
[   10.461597] ata2: PATA max UDMA/33 cmd 0x170 ctl 0x376 bmdma 0xd008 irq 15

[   10.463072] libphy: Fixed MDIO Bus: probed
[   10.469493] tun: Universal TUN/TAP device driver, 1.6
[   10.482521] tun: (C) 1999-2004 Max Krasnyansky <maxk@quaom.cm>
[   10.61913] PPPgeneric driver version 2.4.2
[   10.693272] ehci_hcd: USB 2.0 'Enhanced' Host Controller (EHCI) Driver
[   10.694890] ehci-pci: EHCI PCI platform drive
[   10.750440] ehci-platform: EHCI generic platform driver
[   10.751506] ohci_hd:USB 1.1 'Open' Host Controller (OHCI) Driver
[   10.808588] ohci-pci: OHCI PCI platform driver
[   10.809767] ohci-platform: OHCI generic platform driver
[   10.811018] uhci_hcd: USB Universal Host Controller Interface driver
[   10.812542] i8042: PNP: PS/2 Controller [PNP03:PS2K,PNP0f03:PS2M] at 0x60,0x64 irq 1,12
[  10.867314] serio: i8042 KBD port at 0x60,0x64 irq 1
[   10.895432] serio: i8042 AUX port at 0x60,0x64 irq 12
[  10.896584] mousedev: PS/2 mouse device common for allmie

[   11.003280] input: AT Translated Set 2 keyboard as /devices/platform/i8042/serio0/input/input2
[   11.007936] rtc_cmos rtc_cmos: rtc core: registered rtc_cmos as rtc0
[   11.011396] rtc_cmos rtc_cmos: alarms up to one day, 114 bytes nvram
[   11.021239] i2c /dev entries driver
[   11.022129] device-mapper: uevent: version 1.0.3
[   11.025152] device-mapper: ioctl: 4.34.0-ioctl (2015-10-28) initialised: dm-devel@redhat.com
[   11.042817] ledtrig-cpu: registered to indicate activity on CPUs
[   11.046523] NET: Registered protocol family 10
[   11.049423] NET: Registered protocol family 17
[   11.052444] Key type dns_resolver registered
[   11.055907] registered taskstats version 1
[   11.061116] Loading compiled-in X.509 certificates
[   11.071414] Loaded X.509 cert 'Build time autogenerated kernel key: b3e0fe4bcd6378c38a2c0a4648abbc1fa5043a22'
[   11.077720] zswap: loaded using pool lzo/zbud
[   11.080961] Key type trusted registered
[   11.095832] Key type encrypted registered
[   11.104937] AppArmor: AppArmor sha1 policy hashing enabled
[   11.108240] ima: No TPM chip found, activating TPM-bypass!
[   11.111223] ima: Allocated hash algorithm: sha1
[   11.115131] evm: HMAC attrs: 0x1
[   11.117962]   Magic number: 10:465:359
[   11.127187] rtc_cmos rtc_cmos: setting system clock to 2018-07-19 02:23:30 UTC (1531967010)
[   11.131108] BIOS EDD facility v0.16 2004-Jun-25, 0 devices found
[   11.133642] EDD information not available.
[   11.138062] Freeing unused kernel memory: 1516K
[   11.157777] Write protecting the kernel read-only data: 14336k
[   11.172492] Freeing unused kernel memory: 1680K
[   11.175802] Freeing unused kernel memory: 96K
Loading, please wait...
starting version[   11.196611] random: systemd-udevd: uninitialized urandom read (16 bytes read, 5 bits of entropy available)
[   11.204205] random: systemd-udevd: uninitialized urandom read (16 bytes read, 5 bits of entropy available)
 229
[   11.207864] random: udevadm: uninitialized urandom read (16 bytes read, 5 bits of entropy available)
[   11.207914] random: udevadm: uninitialized urandom read (16 bytes read, 5 bits of entropy available)
[   11.241124] random: udevadm: uninitialized urandom read (16 bytes read, 5 bits of entropy available)
[   11.241225] random: udevadm: uninitialized urandom read (16 bytes read, 5 bits of entropy available)
[   11.241419] random: udevadm: uninitialized urandom read (16 bytes read, 5 bits of entropy available)
[   11.241487] random: udevadm: uninitialized urandom read (16 bytes read, 5 bits of entropy available)
[   11.241556] random: udevadm: uninitialized urandom read (16 bytes read, 5 bits of entropy available)
[   11.241872] random: udevadm: uninitialized urandom read (16 bytes read, 5 bits of entropy available)
[   11.340826] e1000: Intel(R) PRO/1000 Network Driver - version 7.3.21-k8-NAPI
[   11.354857] e1000: Copyright (c) 1999-2006 Intel Corporation.
[   11.369792] Fusion MPT base driver 3.04.20
[   11.377178] Copyright (c) 1999-2008 LSI Corporation
[   11.412617] AVX2 version of gcm_enc/dec engaged.
[   11.415750] AES CTR mode by8 optimization enabled
[   11.423916] Fusion MPT SPI Host driver 3.04.20
[   11.591762] input: ImExPS/2 Generic Explorer Mouse as /devices/platform/i8042/serio1/input/input4
[   11.785525] e1000 0000:00:03.0 eth0: (PCI:33MHz:32-bit) 02:94:24:be:c9:02
[   11.793422] e1000 0000:00:03.0 eth0: Intel(R) PRO/1000 Network Connection
[   11.795393] mptbase: ioc0: Initiating bringup
[   11.796320] e1000 0000:00:03.0 enp0s3: renamed from eth0
[   11.865763] ioc0: LSI53C1030 A0: Capabilities={Initiator}
[   12.034694] scsi host2: ioc0: LSI53C1030 A0, FwRev=00000000h, Ports=1, MaxQ=256, IRQ=20
[   12.153974] scsi 2:0:0:0: Direct-Access     VBOX     HARDDISK         1.0  PQ: 0 ANSI: 5
[   12.257306] scsi target2:0:0: Beginning Domain Validation
[   12.655856] scsi target2:0:0: Domain Validation skipping write tests
[   13.035057] scsi target2:0:0: Ending Domain Validation
[   13.036963] scsi target2:0:0: asynchronous
[   13.041272] scsi 2:0:1:0: Direct-Access     VBOX     HARDDISK         1.0  PQ: 0 ANSI: 5
[   13.046956] scsi target2:0:1: Beginning Domain Validation
[   13.274241] scsi target2:0:1: Domain Validation skipping write tests
[   14.043440] scsi target2:0:1: Ending Domain Validation
[   14.046239] scsi target2:0:1: asynchronous
[   14.053596] sd 2:0:0:0: [sda] 20971520 512-byte logical blocks: (10.7 GB/10.0 GiB)
[   14.053928] sd 2:0:0:0: Attached scsi generic sg0 type 0
[   14.054580] sd 2:0:1:0: Attached scsi generic sg1 type 0
[   14.054899] sd 2:0:1:0: [sdb] 20480 512-byte logical blocks: (10.5 MB/10.0 MiB)
[   14.055089] sd 2:0:1:0: [sdb] Write Protect is off
[   14.055178] sd 2:0:1:0: [sdb] Incomplete mode parameter data
[   14.055179] sd 2:0:1:0: [sdb] Assuming drive cache: write through
[   14.079298] sd 2:0:0:0: [sda] Write Protect is off
[   14.081480] sd 2:0:0:0: [sda] Incomplete mode parameter data
[   14.088147] sd 2:0:0:0: [sda] Assuming drive cache: write through
[   14.104423]  sda: sda1
[   14.108983] sd 2:0:0:0: [sda] Attached SCSI disk
[   14.115849] sd 2:0:1:0: [sdb] Attached SCSI disk
Begin: Loading e[   15.505479] md: linear personality registered for level -1
ssential drivers ... [   15.517745] md: multipath personality registered for level -4
[   15.526727] md: raid0 personality registered for level 0
[   15.559077] md: raid1 personality registered for level 1
[   15.641159] raid6: sse2x1   gen()  6791 MB/s
[   15.729953] raid6: sse2x1   xor()  6593 MB/s
[   15.817296] raid6: sse2x2   gen()  6621 MB/s
[   15.885224] raid6: sse2x2   xor()  7383 MB/s
[   15.958310] raid6: sse2x4   gen() 11623 MB/s
[   16.029555] raid6: sse2x4   xor()  6544 MB/s
[   16.101792] raid6: avx2x1   gen() 13910 MB/s
[   16.173141] raid6: avx2x2   gen() 16246 MB/s
[   16.246238] raid6: avx2x4   gen() 18769 MB/s
[   16.253911] raid6: using algorithm avx2x4 gen() 18769 MB/s
[   16.254977] raid6: using avx2x2 recovery algorithm
[   16.274566] xor: automatically using best checksumming function:
[   16.321220]    avx       : 21332.000 MB/sec
[   16.324725] async_tx: api initialized (async)
[   16.345417] md: raid6 personality registered for level 6
[   16.374921] md: raid5 personality registered for level 5
[   16.380806] md: raid4 personality registered for level 4
[   16.420524] md: raid10 personality registered for level 10
done.
Begin: Running /scripts/init-premount ... done.
Begin: Mounting root file system ... Begin: Running /scripts/local-top ... done.
Begin: Running /scripts/local-premount ... [   16.457304] Btrfs loaded
Scanning for Btrfs filesystems
done.
Warning: fsck not present, so sk[   16.527416] EXT4-fs (sda1): mounted filesystem with ordered data mode. Opts: (null)
ipping root file system
done.
Begin: Running /scripts/local-bottom ... done.
Begin: Running /scripts/init-bottom ... done.
[   17.190392] systemd[1]: systemd 229 running in system mode. (+PAM +AUDIT +SELINUX +IMA +APPARMOR +SMACK +SYSVINIT +UTMP +LIBCRYPTSETUP +GCRYPT +GNUTLS +ACL +XZ -LZ4 +SECCOMP +BLKID +ELFUTILS +KMOD -IDN)
[   17.217467] systemd[1]: Detected virtualization oracle.
[   17.229025] systemd[1]: Detected architecture x86-64.

Welcome to [1mUbuntu 16.04.4 LTS[0m!

[   17.272781] systemd[1]: Set hostname to <ubuntu>.
[   17.289183] random: nonblocking pool is initialized
[   17.313160] systemd[1]: Initializing machine ID from random generator.
[   17.317652] systemd[1]: Installed transient /etc/machine-id file.
[   18.232189] systemd[1]: Listening on Device-mapper event daemon FIFOs.
[[0;32m  OK  [0m] Listening on Device-mapper event daemon FIFOs.
[   18.346357] systemd[1]: Started Forward Password Requests to Wall Directory Watch.
[[0;32m  OK  [0m] Started Forward Password Requests to Wall Directory Watch.
[   18.390496] systemd[1]: Reached target Swap.
[[0;32m  OK  [0m] Reached target Swap.
[   18.457479] systemd[1]: Listening on LVM2 poll daemon socket.
[[0;32m  OK  [0m] Listening on LVM2 poll daemon socket.
[   18.470086] systemd[1]: Listening on Journal Socket.
[[0;32m  OK  [0m] Listening on Journal Socket.
[   18.501592] systemd[1]: Reached target Encrypted Volumes.
[[0;32m  OK  [0m] Reached target Encrypted Volumes.
[   18.528927] systemd[1]: Started Trigger resolvconf update for networkd DNS.
[[0;32m  OK  [0m] Started Trigger resolvconf update for networkd DNS.
[   18.574007] systemd[1]: Created slice User and Session Slice.
[[0;32m  OK  [0m] Created slice User and Session Slice.
[   18.586792] systemd[1]: Listening on Journal Audit Socket.
[[0;32m  OK  [0m] Listening on Journal Audit Socket.
[   18.649797] systemd[1]: Set up automount Arbitrary Executable File Formats File System Automount Point.
[[0;32m  OK  [0m] Set up automount Arbitrary Executab...ats File System Automount Point.
[   18.686877] systemd[1]: Listening on Syslog Socket.
[[0;32m  OK  [0m] Listening on Syslog Socket.
[   18.736858] systemd[1]: Created slice System Slice.
[[0;32m  OK  [0m] Created slice System Slice.
[   18.786213] systemd[1]: Starting Nameserver information manager...
         Starting Nameserver information manager...
[   18.853594] systemd[1]: Starting Remount Root and Kernel File Systems...
[   18.862642] EXT4-fs (sda1): re-mounted. Opts: (null)
         Starting Remount Root and Kernel File Systems...
[   18.890278] systemd[1]: Mounting Debug File System...
         Mounting Debug File System...
[   18.933567] systemd[1]: Mounting Huge Pages File System...
         Mounting Huge Pages File System...
[   18.959530] systemd[1]: Starting Create list of required static device nodes for the current kernel...
         Starting Create list of required st... nodes for the current kernel...
[   18.977546] systemd[1]: Starting Set console keymap...
         Starting Set console keymap...
[   19.017532] systemd[1]: Mounting POSIX Message Queue File System...
         Mounting POSIX Message Queue File System...
[   19.032202] systemd[1]: Reached target Slices.
[[0;32m  OK  [0m] Reached target Slices.
[   19.037043] systemd[1]: Starting Uncomplicated firewall...
         Starting Uncomplicated firewall...
[   19.045488] systemd[1]: Created slice system-serial\x2dgetty.slice.
[[0;32m  OK  [0m] Created slice system-serial\x2dgetty.slice.
[   19.110763] systemd[1]: Listening on udev Control Socket.
[[0;32m  OK  [0m] Listening on udev Control Socket.
[   19.149346] systemd[1]: Starting Load Kernel Modules...
         Starting Load Kernel Modules...
[   19.173833] systemd[1]: Listening on Journal Socket (/dev/log).
[[0;32m  OK  [0m] Listening on Journal Socket (/dev/log).
[   19.183625] systemd[1]: Starting Journal Service...
         Starting Journal Service...
[   19.203210] systemd[1]: Reached target User and Group Name Lookups.
[[0;32m  OK  [0m] Reached target User and Group Name Lookups.[   19.225701] Loading iSCSI transport class v2.0-870.

[   19.257267] systemd[1]: Listening on /dev/initctl Compatibility Named Pipe.
[[0;32m  OK  [0m] Listening on /dev/initctl Compatibility Named Pipe.
[   19.270919] systemd[1]: Reached target System Time Synchronized.
[[0;32m  OK  [0m] Reached target System Time Synchronized.
[   19.297772] systemd[1]: Listening on LVM2 metadata daemon socket.
[[0;32m  OK  [0m] Listening on LVM2 metadata daemon socket.
[   19.311958] iscsi: registered transport (tcp)
[   19.349778] systemd[1]: Starting Monitoring of LVM2 mirrors, snapshots etc. using dmeventd or progress polling...
         Starting Monitoring of LVM2 mirrors... dmeventd or progress polling...
[   19.373841] systemd[1]: Listening on udev Kernel Socket.
[[0;32m  OK  [0m] Listening on udev Kernel Socket.
[   19.419235] systemd[1]: Mounted POSIX Message Queue File System.
[[0;32m  OK  [0m] Mounted POSIX Message Queue File System.
[   19.435417] systemd[1]: Mounted Debug File System.
[[0;32m  OK  [0m] Mounted DebuggFile System.
[   19.460177] systemd[1]: Mounted Huge Pages File System.
[[0;32m  OK  [0m] Mounted Huge Pages File System.
[   19.473483] systemd[1]: Started Journal Service.
[[0;32m  OK  [0m] Started Journal Service.
[[0;32m  OK  [0m] Started Remo[   19.498636] iscsi: registered transport (iser)
unt Root and Kernel File Systems.
[[0;32m  OK  [0m] Started Create list of required sta...ce nodes for the current kernel.
[[0;32m  OK  [0m] Started Set console keymap.
[[0;32m  OK  [0m] Started Uncomplicated firewall.
[[0;32m  OK  [0m] Started Load Kernel Modules.
[[0;32m  OK  [0m] Started Nameserver information manager.
[[0;32m  OK  [0m] Started LVM2 metadata daemon.
         Mounting FUSE Control File System...
         Starting Apply Kernel Variables...
         Starting Create Static Device Nodes in /dev...
         Starting udev Coldplug all Devices...
         Starting Load/Save Random Seed...
         Starting Flush Journal to Persistent Storage...
[[0;32m  OK  [0m] Mounted FUSE Control File System.
[[0;32m  OK  [0m] Started Apply Kernel Variables.
[[0;32m  OK  [0m] Started Load/Save Random Seed.
[[0;32m  OK  [0m] Started udev Coldplug all Devices.
[[0;32m  OK  [0m] Started Create Static Device Nodes in /dev.
[[0;32m  OK  [0m] Started Flush Journal to Persistent Storage.
         Starting udev Kernel Device Manager...
[[0;32m  OK  [0m] Started Monitoring of LVM2 mirrors,...ng dmeventd or progress polling.
[[0;32m  OK  [0m] Started udev Kernel Device Manager.
[[0;32m  OK  [0m] Reached target Local File Systems (Pre).
[[0;32m  OK  [0m] Reached target Local File Systems.
         Starting Initial cloud-init job (pre-networking)...
         Starting Commit a transient machine-id on disk...
         Starting LSB: AppArmor initialization...
         Starting Create Volatile Files and Directories...
         Starting Tell Plymouth To Write Out Runtime Data...
         Starting Set console font and keymap...
[[0;32m  OK  [0m] Started Dispatch Password Requests to Console Directory Watch.
[[0;32m  OK  [0m] Started Commit a transient machine-id on disk.
[[0;32m  OK  [0m] Started Tell Plymouth To Write Out Runtime Data.
[[0;32m  OK  [0m] Started Create Volatile Files and Directories.
         Starting Update UTMP about System Boot/Shutdown...
[[0;32m  OK  [0m] Found device /dev/ttyS0.
[[0;32m  OK  [0m] Started Update UTMP about System Boot/Shutdown.
[[0;32m  OK  [0m] Listening on Load/Save RF Kill Switch Status /dev/rfkill Watch.
[[0;32m  OK  [0m] Started Set console font and keymap.
[[0;32m  OK  [0m] Created slice system-getty.slice.
[[0;32m  OK  [0m] Started LSB: AppArmor initialization.
[   19.376226] cloud-init[465]: Cloud-init v. 18.2 running 'init-local' at Thu, 19 Jul 2018 02:23:43 +0000. Up 18.69 seconds.
[[0;32m  OK  [0m] Started Initial cloud-init job (pre-networking).
[[0;32m  OK  [0m] Reached target Network (Pre).
         Starting Raise network interfaces...
[[0;32m  OK  [0m] Started Raise network interfaces.
[[0;32m  OK  [0m] Reached target Network.
         Starting Initial cloud-init job (metadata service crawler)...
[   22.137085] cloud-init[949]: Cloud-init v. 18.2 running 'init' at Thu, 19 Jul 2018 02:23:45 +0000. Up 20.47 seconds.
[   22.142141] cloud-init[949]: ci-info: +++++++++++++++++++++++++++++++++++++Net device info++++++++++++++++++++++++++++++++++++++
[   22.213174] cloud-init[949]: ci-info: +--------+------+----------------------------+---------------+-------+-------------------+
[[0;32m  OK  [0m] Started Initial cloud-init job (metadata service crawler).
[   22.271606] cloud-init[949]: ci-info: | Device |  Up  |          Address           |      Mask     | Scope |     Hw-Address    |
[   22.279246] cloud-init[949]: ci-info: +--------+------+----------------------------+---------------+-------+-------------------+
[   22.285742] cloud-init[949]: ci-info: | enp0s3 | True |         10.0.2.15          | 255.255.255.0 |   .   | 02:94:24:be:c9:02 |
[[0;32m  OK  [0m] Reached target System Initialization.
[[0;32m  OK  [0m] Started Daily Cleanup of Temporary Directories.
[[0;32m  OK  [0m] Started Daily apt download activities.
[   22.293595] cloud-init[949]: ci-info: | enp0s3 | True | fe80::94:24ff:febe:c902/64 |       .       |  link | 02:94:24:be:c9:02 |
[   22.395452] cloud-init[949]: ci-info: |   lo   | True |         127.0.0.1          |   255.0.0.0   |   .   |         .         |
[   22.433783] cloud-init[949]: ci-info: |   lo   | True |          ::1/128           |       .       |  host |         .         |
[[0;32m  OK  [0m] Started Daily apt upgrade and clean activities.
[   22.484322] cloud-init[949]: ci-info: +--------+------+----------------------------+---------------+-------+-------------------+
[   22.569239] cloud-init[949]: ci-info: +++++++++++++++++++++++++++Route IPv4 info++++++++++++++++++++++++++++
[   22.579963] cloud-init[949]: ci-info: +-------+-------------+----------+---------------+-----------+-------+
[   22.584077] cloud-init[949]: ci-info: | Route | Destination | Gateway  |    Genmask    | Interface | Flags |
[   22.604720] cloud-init[949]: ci-info: +-------+-------------+----------+---------------+-----------+-------+
[   22.604848] cloud-init[949]: ci-info: |   0   |   0.0.0.0   | 10.0.2.2 |    0.0.0.0    |   enp0s3  |   UG  |
[   22.604927] cloud-init[949]: ci-info: |   1   |   10.0.2.0  | 0.0.0.0  | 255.255.255.0 |   enp0s3  |   U   |
[   22.605256] cloud-init[949]: ci-info: +-------+-------------+----------+---------------+-----------+-------+
[   22.605350] cloud-init[949]: Generating public/private rsa key pair.
[   22.605413] cloud-init[949]: Your identification has been saved in /etc/ssh/ssh_host_rsa_key.
[   22.605470] cloud-init[949]: Your public key has been saved in /etc/ssh/ssh_host_rsa_key.pub.
[   22.605527] cloud-init[949]: The key fingerprint is:
[   22.605583] cloud-init[949]: SHA256:JZOGUqo8+oZqqXsJ4IY9op48Gp3evHFuKGqPFEbKvV0 root@ubuntu-xenial
[   22.605639] cloud-init[949]: The key's randomart image is:
[   22.605697] cloud-init[949]: +---[RSA 2048]----+
[   22.605760] cloud-init[949]: |      .          |
[   22.606031] cloud-init[949]: |     o . .       |
[   22.606098] cloud-init[949]: | .  o . = .      |
[   22.606158] cloud-init[949]: |=... . . +       |
[   22.606214] cloud-init[949]: |==+.   ES        |
[   22.606269] cloud-init[949]: |==+oo .          |
[   22.606327] cloud-init[949]: |==++.o.          |
[   22.606385] cloud-init[949]: |=OBo.+.          |
[   22.606440] cloud-init[949]: |&X=o+o.          |
[   22.606496] cloud-init[949]: +----[SHA256]-----+
[   22.606573] cloud-init[949]: Generating public/private dsa key pair.
[   22.606629] cloud-init[949]: Your identification has been saved in /etc/ssh/ssh_host_dsa_key.
[   22.606686] cloud-init[949]: Your public key has been saved in /etc/ssh/ssh_host_dsa_key.pub.
[   22.606742] cloud-init[949]: The key fingerprint is:
[   22.606798] cloud-init[949]: SHA256:8xaZf6ysyfuHWaZL/LpJXYhhAUZs/PQ9Uo2iA5gFl3Q root@ubuntu-xenial
[   22.606969] cloud-init[949]: The key's randomart image is:
[   22.607042] cloud-init[949]: +---[DSA 1024]----+
[   22.607113] cloud-init[949]: |      .*+=E..  ..|
[   22.607180] cloud-init[949]: |      o.oo+ o....|
[   22.607242] cloud-init[949]: |         o +oo.. |
[   22.607301] cloud-init[949]: |          o+.+.o.|
[   22.607360] cloud-init[949]: |        S +.. o o|
[   22.607417] cloud-init[949]: |         o + oo. |
[   22.607472] cloud-init[949]: |          o =*+  |
[   22.607527] cloud-init[949]: |         o =+=.  |
[   22.607583] cloud-init[949]: |          =+O=.  |
[   22.607639] cloud-init[949]: +----[SHA256]-----+
[   22.607694] cloud-init[949]: Generating public/private ecdsa key pair.
[   22.607755] cloud-init[949]: Your identification has been saved in /etc/ssh/ssh_host_ecdsa_key.
[   22.607816] cloud-init[949]: Your public key has been saved in /etc/ssh/ssh_host_ecdsa_key.pub.
[   22.607873] cloud-init[949]: The key fingerprint is:
[   22.608026] cloud-init[949]: SHA256:9qSVMFCahSnulL+9NhmgiAhNa2fGht3rxP95ssQVrdU root@ubuntu-xenial
[   22.608083] cloud-init[949]: The key's randomart image is:
[   22.608138] cloud-init[949]: +---[ECDSA 256]---+
         Starting LXD - unix socket.
[[0;32m  OK  [0m] Listening on ACPID Listen Socket.
[[0;32m  OK  [0m] Listening on D-Bus System Message Bus Socket.
[[0;32m  OK  [0m] Reached target Timers.
[   22.608283]          cloud-initStarting Socket activation for snappy daemon.[949]: 
|      .+o        |
[   23.401340] [[0;32m  OK  [0m] Listening on UUID daemon activation socket.
cloud-init[949]: |  . . o=     . . |
[   23.416373] cloud-init[949]: | o * +o o   . o E|
[   23.425449] cloud-init[949]: |. = @ o  o . +   |
[   23.444743] cloud-init[949]: |oo O + oS + o    |
[   23.457449] [cloud-init[0;32m  OK  [0m[949]: ] |o . o =..* .     |Started ACPI Events Check.

[   23.457881] [[0;32m  OK  [0m] Reached target Paths.
[[0;32m  OK  [0m] Reached target Network is Online.
cloud-init[949]: |     o +.o+      |
[   23.474270] cloud-init[949]: |      o *....    |
[   23.484715]          cloud-initStarting iSCSI initiator daemon (iscsid)...[949]: 
|       ..+++     |
[   23.520836] [cloud-init[0;32m  OK  [0m[949]: ] +----[SHA256]-----+Reached target Cloud-config availability.

[   23.521328] cloud-init[949]: Generating public/private ed25519 key pair.
[   23.585235] [cloud-init[0;32m  OK  [0m[949]: ] Your identification has been saved in /etc/ssh/ssh_host_ed25519_key.Listening on LXD - unix socket.

[   23.585683] [cloud-init[0;32m  OK  [0m[949]: ] Your public key has been saved in /etc/ssh/ssh_host_ed25519_key.pub.Listening on Socket activation for snappy daemon.

[   23.619078] [cloud-init[0;32m  OK  [0m[949]: ] The key fingerprint is:Reached target Sockets.

[   23.619695] [cloud-init[0;32m  OK  [0m[949]: ] SHA256:6tWaZnQSd8PBucXbzMzkl1cOqe+5PNFXZYKj8EytSXo root@ubuntu-xenialReached target Basic System.

[   23.649241] cloud-init[949]: The key's randomart image is:
[   23.713026]          cloud-initStarting LXD - container startup/shutdown...[949]: 
+--[ED25519 256]--+
[   23.728674]          Starting Virtualbox guest utils...
cloud-init[949]: |           o + . |
[[0;32m  OK  [0m] Started Regular background program processing daemon.
[   23.760767] cloud-init[949]: |        . o B * =|
[   23.792843] cloud-init[949]: |         B = * #+|
         Starting Accounts Service...
[   23.806478] cloud-init[949]: |        o E * ..%|
[   23.826394] cloud-init[949]: |        S+ . o .+|
[   23.829014] cloud-init[949]: |       .o..   o o|
[   23.831598] cloud-init[949]: |      ...o.  . o.|
         Starting LSB: Record successful boot for GRUB...
[   23.843376] cloud-init[949]: |     . .oo   .+  |
         Starting System Logging Service...
[[0;32m  OK  [0m] Started Unattended Upgrades Shutdown.
[[0;32m  OK  [0m] Started FUSE filesystem for LXC.
         Starting /etc/rc.local Compatibility...
[[0;32m  OK  [0m] Started D-Bus System Message Bus.
[   23.873945] cloud-init[949]: |      .oo     oo |
[   23.908236] cloud-init[949]: +----[SHA256]-----+
         Starting Pollinate to seed the pseudo random number generator...
[[0;32m  OK  [0m] Started Deferred execution scheduler.
[[0;32m  OK  [0m] Started ACPI event daemon.
         Starting LSB: MD monitoring daemon...
         Starting Apply the settings specified in cloud-config...
         Starting Login Service...
         Starting Snappy daemon...
[[0;32m  OK  [0m] Started System Logging Service.
[[0;32m  OK  [0m] Started iSCSI initiator daemon (iscsid).
[[0;32m  OK  [0m] Started /etc/rc.local Compatibility.
         Starting Authenticate and Authorize Users to Run Privileged Tasks...
         Starting Login to default iSCSI targets...
[[0;32m  OK  [0m] Started LSB: Record successful boot for GRUB.
[[0;32m  OK  [0m] Started Login Service.
[[0;32m  OK  [0m] Started LSB: MD monitoring daemon.
[[0;32m  OK  [0m] Started Authenticate and Authorize Users to Run Privileged Tasks.
[[0;32m  OK  [0m] Started Accounts Service.
[[0;32m  OK  [0m] Started Login to default iSCSI targets.
[[0;32m  OK  [0m] Reached target Remote File Systems (Pre).
[[0;32m  OK  [0m] Reached target Remote File Systems.
         Starting Permit User Sessions...
         Starting LSB: daemon to balance interrupts for SMP systems...
         Starting LSB: Set the CPU Frequency Scaling governor to "ondemand"...
         Starting LSB: automatic crash report generation...
[[0;32m  OK  [0m] Started Virtualbox guest utils.
[[0;32m  OK  [0m] Started Permit User Sessions.
         Starting Hold until boot process finishes up...
[   25.805538] cloud-init         Starting Terminate Plymouth Boot Screen...
[1099]: [[0;32m  OK  [0m] Started LSB: Set the CPU Frequency Scaling governor to "ondemand".
Generating locales (this might take a while)...
[[0;32m  OK  [0m] Started Hold until boot process finishes up.
[[0;32m  OK  [0m] Started LSB: automatic crash report generation.
[[0;32m  OK  [0m] Started Terminate Plymouth Boot Screen.
         Starting Set console scheme...
[[0;32m  OK  [0m] Started Getty on tty1.
[[0;32m  OK  [0m] Started Serial Getty on ttyS0.
[[0;32m  OK  [0m] Reached target Login Prompts.
[[0;32m  OK  [0m] Started LSB: daemon to balance interrupts for SMP systems.
[[0;32m  OK  [0m] Started Set console scheme.
[[0;32m  OK  [0m] Started LXD - container startup/shutdown.
[[0;32m  OK  [0m] Started Snappy daemon.
         Starting Wait until snapd is fully seeded...
[[0;32m  OK  [0m] Started Pollinate to seed the pseudo random number generator.
         Starting OpenBSD Secure Shell server...
[[0;32m  OK  [0m] Started OpenBSD Secure Shell server.
[[0;32m  OK  [0m] Created slice User Slice of vagrant.
         Starting User Manager for UID 1000...
[[0;32m  OK  [0m] Started Session 1 of user vagrant.
[[0;32m  OK  [0m] Started User Manager for UID 1000.
[   29.393142] cloud-init[1099]:   en_US.UTF-8... done
[   29.398669] cloud-init[1099]: Generation complete.
[[0;32m  OK  [0m] Started Wait until snapd is fully seeded.
[[0;32m  OK  [0m] Reached target Multi-User System.
[[0;32m  OK  [0m] Reached target Graphical Interface.
         Starting Update UTMP about System Runlevel Changes...
[[0;32m  OK  [0m] Started Update UTMP about System Runlevel Changes.
[   31.529808] cloud-init[1099]: Cloud-init v. 18.2 running 'modules:config' at Thu, 19 Jul 2018 02:23:50 +0000. Up 25.08 seconds.

Ubuntu 16.04.4 LTS ubuntu-xenial ttyS0

ubuntu-xenial login: ci-info: no authorized ssh keys fingerprints found for user ubuntu.
<14>Jul 19 02:23:57 ec2: 
<14>Jul 19 02:23:57 ec2: #############################################################
<14>Jul 19 02:23:57 ec2: -----BEGIN SSH HOST KEY FINGERPRINTS-----
<14>Jul 19 02:23:57 ec2: 1024 SHA256:8xaZf6ysyfuHWaZL/LpJXYhhAUZs/PQ9Uo2iA5gFl3Q root@ubuntu-xenial (DSA)
<14>Jul 19 02:23:57 ec2: 256 SHA256:9qSVMFCahSnulL+9NhmgiAhNa2fGht3rxP95ssQVrdU root@ubuntu-xenial (ECDSA)
<14>Jul 19 02:23:57 ec2: 256 SHA256:6tWaZnQSd8PBucXbzMzkl1cOqe+5PNFXZYKj8EytSXo root@ubuntu-xenial (ED25519)
<14>Jul 19 02:23:57 ec2: 2048 SHA256:JZOGUqo8+oZqqXsJ4IY9op48Gp3evHFuKGqPFEbKvV0 root@ubuntu-xenial (RSA)
<14>Jul 19 02:23:57 ec2: -----END SSH HOST KEY FINGERPRINTS-----
<14>Jul 19 02:23:57 ec2: #############################################################
-----BEGIN SSH HOST KEY KEYS-----
ecdsa-sha2-nistp256 AAAAE2VjZHNhLXNoYTItbmlzdHAyNTYAAAAIbmlzdHAyNTYAAABBBMXZiE6wjfTfiNbiuE5EDY8Vmc631EMlQaCa4mZ9SyE0QFlE4P6htlLQxwhgyz9CaWCvkBn2kJ4BcLx7zQtJtL4= root@ubuntu-xenial
ssh-ed25519 AAAAC3NzaC1lZDI1NTE5AAAAIJeCTJ71UxZeY8W88ONOoY0dLHVEYl6ekC1V3Rs4cBhg root@ubuntu-xenial
ssh-rsa AAAAB3NzaC1yc2EAAAADAQABAAABAQDmlz5SehIycdY3KRU2oivEleF94qiz2tJaSRwJzlf3D9HST/CJXQTuDcxETvHfn2VVtqw7nsYzlZDE9lBB0CDITgGUAeYAeNqyTN/r/WVIXl58CfkzodcRrcV6UJ27uaN6IkYYdDQZrunQlqZLHPvKD1/UTrr8gYu3jOdXjy7vlLk3jj6gOIsUCAiDeURhXgejFHAU4kwPPbYz4nz92JlxEhS+oJvItzYGc2CZ9J8YRJy3KzEltGDMm4DdWdEkBWu9iqGYeATOAkfkgPfgTZzZKH20kX9MSWKWtetDIcH5DZI2r3r394E1vzIOpYPb0x81gL0u8GIs+UbHEuy6vAVf root@ubuntu-xenial
-----END SSH HOST KEY KEYS-----
[   32.435990] cloud-init[1458]: Cloud-init v. 18.2 running 'modules:final' at Thu, 19 Jul 2018 02:23:57 +0000. Up 32.07 seconds.
[   32.436319] cloud-init[1458]: ci-info: no authorized ssh keys fingerprints found for user ubuntu.
[   32.436504] cloud-init[1458]: Cloud-init v. 18.2 finished at Thu, 19 Jul 2018 02:23:57 +0000. Datasource DataSourceNoCloud [seed=/dev/sdb][dsmode=net].  Up 32.42 seconds
